[0.050s] Invoking command in '/home/pi/final_ws/build/my_robot': CMAKE_PREFIX_PATH=${CMAKE_PREFIX_PATH}:/opt/ros/humble /usr/bin/cmake --build /home/pi/final_ws/build/my_robot -- -j4 -l4
[0.246s] [35m[1mConsolidate compiler generated dependencies of target my_robot_hardware[0m
[0.336s] [ 50%] [32mBuilding CXX object CMakeFiles/my_robot_hardware.dir/hardware/src/my_robot_hardware.cpp.o[0m
[10.874s] [01m[K/home/pi/final_ws/src/my_robot/hardware/src/my_robot_hardware.cpp:[m[K In member function â€˜[01m[Kvirtual hardware_interface::return_type my_robot::MyRobotHardware::read(const rclcpp::Time&, const rclcpp::Duration&)[m[Kâ€™:
[10.875s] [01m[K/home/pi/final_ws/src/my_robot/hardware/src/my_robot_hardware.cpp:84:9:[m[K [01;31m[Kerror: [m[Kâ€˜[01m[Khw_states_[m[Kâ€™ was not declared in this scope
[10.875s]    84 |         [01;31m[Khw_states_[m[K[0] = 1.0; // Left front wheel position
[10.876s]       |         [01;31m[K^~~~~~~~~~[m[K
[12.894s] gmake[2]: *** [CMakeFiles/my_robot_hardware.dir/build.make:76: CMakeFiles/my_robot_hardware.dir/hardware/src/my_robot_hardware.cpp.o] Error 1
[12.895s] gmake[1]: *** [CMakeFiles/Makefile2:137: CMakeFiles/my_robot_hardware.dir/all] Error 2
[12.896s] gmake: *** [Makefile:146: all] Error 2
[12.903s] Invoked command in '/home/pi/final_ws/build/my_robot' returned '2': CMAKE_PREFIX_PATH=${CMAKE_PREFIX_PATH}:/opt/ros/humble /usr/bin/cmake --build /home/pi/final_ws/build/my_robot -- -j4 -l4
