[0.083s] Invoking command in '/home/pi/final_ws/build/my_robot': CMAKE_PREFIX_PATH=${CMAKE_PREFIX_PATH}:/opt/ros/humble /usr/bin/cmake --build /home/pi/final_ws/build/my_robot -- -j4 -l4
[0.295s] [35m[1mConsolidate compiler generated dependencies of target my_robot_hardware[0m
[0.407s] [ 50%] [32mBuilding CXX object CMakeFiles/my_robot_hardware.dir/hardware/src/my_robot_hardware.cpp.o[0m
[12.965s] In file included from [01m[K/opt/ros/humble/include/class_loader/class_loader/class_loader_core.hpp:57[m[K,
[12.966s]                  from [01m[K/opt/ros/humble/include/class_loader/class_loader/class_loader.hpp:55[m[K,
[12.966s]                  from [01m[K/opt/ros/humble/include/pluginlib/pluginlib/class_list_macros.hpp:40[m[K,
[12.967s]                  from [01m[K/home/pi/final_ws/src/my_robot/hardware/src/my_robot_hardware.cpp:129[m[K:
[12.967s] /opt/ros/humble/include/class_loader/class_loader/meta_object.hpp: In instantiation of â€˜[01m[KB* class_loader::impl::MetaObject<C, B>::create() const [with C = my_robot::MyRobotHardware; B = hardware_interface::SystemInterface][m[Kâ€™:
[12.967s] [01m[K/opt/ros/humble/include/class_loader/class_loader/meta_object.hpp:216:7:[m[K   required from here
[12.968s] [01m[K/opt/ros/humble/include/class_loader/class_loader/meta_object.hpp:218:12:[m[K [01;31m[Kerror: [m[Kinvalid new-expression of abstract class type â€˜[01m[Kmy_robot::MyRobotHardware[m[Kâ€™
[12.968s]   218 |     return [01;31m[Knew C[m[K;
[12.969s]       |            [01;31m[K^~~~~[m[K
[12.969s] In file included from [01m[K/home/pi/final_ws/src/my_robot/hardware/src/my_robot_hardware.cpp:1[m[K:
[12.969s] [01m[K/home/pi/final_ws/src/my_robot/hardware/include/my_robot/my_robot_hardware.hpp:12:9:[m[K [01;36m[Knote: [m[K  because the following virtual functions are pure within â€˜[01m[Kmy_robot::MyRobotHardware[m[Kâ€™:
[12.970s]    12 |   class [01;36m[KMyRobotHardware[m[K : public hardware_interface::SystemInterface
[12.970s]       |         [01;36m[K^~~~~~~~~~~~~~~[m[K
[12.970s] In file included from [01m[K/home/pi/final_ws/src/my_robot/hardware/include/my_robot/my_robot_hardware.hpp:4[m[K,
[12.971s]                  from [01m[K/home/pi/final_ws/src/my_robot/hardware/src/my_robot_hardware.cpp:1[m[K:
[12.971s] [01m[K/opt/ros/humble/include/hardware_interface/system_interface.hpp:113:39:[m[K [01;36m[Knote: [m[K    â€˜[01m[Kvirtual std::vector<hardware_interface::StateInterface> hardware_interface::SystemInterface::export_state_interfaces()[m[Kâ€™
[12.971s]   113 |   virtual std::vector<StateInterface> [01;36m[Kexport_state_interfaces[m[K() = 0;
[12.972s]       |                                       [01;36m[K^~~~~~~~~~~~~~~~~~~~~~~[m[K
[12.972s] [01m[K/opt/ros/humble/include/hardware_interface/system_interface.hpp:124:41:[m[K [01;36m[Knote: [m[K    â€˜[01m[Kvirtual std::vector<hardware_interface::CommandInterface> hardware_interface::SystemInterface::export_command_interfaces()[m[Kâ€™
[12.973s]   124 |   virtual std::vector<CommandInterface> [01;36m[Kexport_command_interfaces[m[K() = 0;
[12.973s]       |                                         [01;36m[K^~~~~~~~~~~~~~~~~~~~~~~~~[m[K
[13.265s] gmake[2]: *** [CMakeFiles/my_robot_hardware.dir/build.make:76: CMakeFiles/my_robot_hardware.dir/hardware/src/my_robot_hardware.cpp.o] Error 1
[13.265s] gmake[1]: *** [CMakeFiles/Makefile2:137: CMakeFiles/my_robot_hardware.dir/all] Error 2
[13.266s] gmake: *** [Makefile:146: all] Error 2
[13.272s] Invoked command in '/home/pi/final_ws/build/my_robot' returned '2': CMAKE_PREFIX_PATH=${CMAKE_PREFIX_PATH}:/opt/ros/humble /usr/bin/cmake --build /home/pi/final_ws/build/my_robot -- -j4 -l4
