[0.057s] Invoking command in '/home/pi/final_ws/build/my_robot': CMAKE_PREFIX_PATH=${CMAKE_PREFIX_PATH}:/opt/ros/humble /usr/bin/cmake --build /home/pi/final_ws/build/my_robot -- -j4 -l4
[0.242s] [35m[1mConsolidate compiler generated dependencies of target my_robot_hardware[0m
[0.331s] [ 50%] [32mBuilding CXX object CMakeFiles/my_robot_hardware.dir/hardware/src/my_robot_hardware.cpp.o[0m
[10.935s] In file included from [01m[K/opt/ros/humble/include/class_loader/class_loader/class_loader.hpp:56[m[K,
[10.936s]                  from [01m[K/opt/ros/humble/include/pluginlib/pluginlib/class_list_macros.hpp:40[m[K,
[10.936s]                  from [01m[K/home/pi/final_ws/src/my_robot/hardware/src/my_robot_hardware.cpp:127[m[K:
[10.936s] [01m[K/home/pi/final_ws/src/my_robot/hardware/src/my_robot_hardware.cpp:129:24:[m[K [01;31m[Kerror: [m[Kâ€˜[01m[Kmy_robot[m[Kâ€™ does not name a type
[10.937s]   129 | PLUGINLIB_EXPORT_CLASS([01;31m[Kmy_robot[m[K::MyRobotHardware, hardware_interface::SystemInterface)
[10.937s]       |                        [01;31m[K^~~~~~~~[m[K
[10.966s] [01m[K/home/pi/final_ws/src/my_robot/hardware/src/my_robot_hardware.cpp:[m[K In constructor â€˜[01m[K{anonymous}::ProxyExec0::ProxyExec0()[m[Kâ€™:
[10.967s] [01m[K/home/pi/final_ws/src/my_robot/hardware/src/my_robot_hardware.cpp:129:1:[m[K [01;31m[Kerror: [m[Kâ€˜[01m[K_derived[m[Kâ€™ was not declared in this scope
[10.967s]   129 | [01;31m[KPLUGINLIB_EXPORT_CLASS[m[K(my_robot::MyRobotHardware, hardware_interface::SystemInterface)
[10.968s]       | [01;31m[K^~~~~~~~~~~~~~~~~~~~~~[m[K
[10.968s] [01m[K/home/pi/final_ws/src/my_robot/hardware/src/my_robot_hardware.cpp:129:1:[m[K [01;31m[Kerror: [m[Kno matching function for call to â€˜[01m[KregisterPlugin<<expression error>, {anonymous}::ProxyExec0::_base>(const char [26], const char [36])[m[Kâ€™
[10.969s]   129 | [01;31m[KPLUGINLIB_EXPORT_CLASS[m[K(my_robot::MyRobotHardware, hardware_interface::SystemInterface)
[10.969s]       | [01;31m[K^~~~~~~~~~~~~~~~~~~~~~[m[K
[10.969s] In file included from [01m[K/opt/ros/humble/include/class_loader/class_loader/class_loader.hpp:55[m[K,
[10.970s]                  from [01m[K/opt/ros/humble/include/pluginlib/pluginlib/class_list_macros.hpp:40[m[K,
[10.970s]                  from [01m[K/home/pi/final_ws/src/my_robot/hardware/src/my_robot_hardware.cpp:127[m[K:
[10.970s] [01m[K/opt/ros/humble/include/class_loader/class_loader/class_loader_core.hpp:210:6:[m[K [01;36m[Knote: [m[Kcandidate: â€˜[01m[Ktemplate<class Derived, class Base> void class_loader::impl::registerPlugin(const string&, const string&)[m[Kâ€™
[10.971s]   210 | void [01;36m[KregisterPlugin[m[K(const std::string & class_name, const std::string & base_class_name)
[10.971s]       |      [01;36m[K^~~~~~~~~~~~~~[m[K
[10.971s] [01m[K/opt/ros/humble/include/class_loader/class_loader/class_loader_core.hpp:210:6:[m[K [01;36m[Knote: [m[K  template argument deduction/substitution failed:
[10.972s] In file included from [01m[K/opt/ros/humble/include/class_loader/class_loader/class_loader.hpp:56[m[K,
[10.972s]                  from [01m[K/opt/ros/humble/include/pluginlib/pluginlib/class_list_macros.hpp:40[m[K,
[10.972s]                  from [01m[K/home/pi/final_ws/src/my_robot/hardware/src/my_robot_hardware.cpp:127[m[K:
[10.973s] [01m[K/home/pi/final_ws/src/my_robot/hardware/src/my_robot_hardware.cpp:129:1:[m[K [01;31m[Kerror: [m[Ktemplate argument 1 is invalid
[10.973s]   129 | [01;31m[KPLUGINLIB_EXPORT_CLASS[m[K(my_robot::MyRobotHardware, hardware_interface::SystemInterface)
[10.974s]       | [01;31m[K^~~~~~~~~~~~~~~~~~~~~~[m[K
[12.798s] gmake[2]: *** [CMakeFiles/my_robot_hardware.dir/build.make:76: CMakeFiles/my_robot_hardware.dir/hardware/src/my_robot_hardware.cpp.o] Error 1
[12.798s] gmake[1]: *** [CMakeFiles/Makefile2:137: CMakeFiles/my_robot_hardware.dir/all] Error 2
[12.799s] gmake: *** [Makefile:146: all] Error 2
[12.806s] Invoked command in '/home/pi/final_ws/build/my_robot' returned '2': CMAKE_PREFIX_PATH=${CMAKE_PREFIX_PATH}:/opt/ros/humble /usr/bin/cmake --build /home/pi/final_ws/build/my_robot -- -j4 -l4
