[0.061s] Invoking command in '/home/pi/final_ws/build/my_robot': CMAKE_PREFIX_PATH=${CMAKE_PREFIX_PATH}:/opt/ros/humble /usr/bin/cmake --build /home/pi/final_ws/build/my_robot -- -j4 -l4
[0.201s] -- Found ament_cmake: 1.3.9 (/opt/ros/humble/share/ament_cmake/cmake)
[0.862s] -- Found rclcpp: 16.0.9 (/opt/ros/humble/share/rclcpp/cmake)
[1.081s] -- Found rosidl_generator_c: 3.1.5 (/opt/ros/humble/share/rosidl_generator_c/cmake)
[1.099s] -- Found rosidl_adapter: 3.1.5 (/opt/ros/humble/share/rosidl_adapter/cmake)
[1.140s] -- Found rosidl_generator_cpp: 3.1.5 (/opt/ros/humble/share/rosidl_generator_cpp/cmake)
[1.207s] -- Using all available rosidl_typesupport_c: rosidl_typesupport_fastrtps_c;rosidl_typesupport_introspection_c
[1.290s] -- Using all available rosidl_typesupport_cpp: rosidl_typesupport_fastrtps_cpp;rosidl_typesupport_introspection_cpp
[1.589s] -- Found rmw_implementation_cmake: 6.1.2 (/opt/ros/humble/share/rmw_implementation_cmake/cmake)
[1.599s] -- Found rmw_fastrtps_cpp: 6.2.6 (/opt/ros/humble/share/rmw_fastrtps_cpp/cmake)
[2.539s] -- Using RMW implementation 'rmw_fastrtps_cpp' as default
[3.233s] -- Found hardware_interface: 2.41.0 (/opt/ros/humble/share/hardware_interface/cmake)
[5.534s] -- Found controller_manager: 2.41.0 (/opt/ros/humble/share/controller_manager/cmake)
[7.098s] -- Found diff_drive_controller: 2.35.0 (/opt/ros/humble/share/diff_drive_controller/cmake)
[7.391s] -- Found parameter_traits: 0.3.8 (/opt/ros/humble/share/parameter_traits/cmake)
[8.740s] -- Found joint_state_broadcaster: 2.35.0 (/opt/ros/humble/share/joint_state_broadcaster/cmake)
[9.460s] -- Found ros2_control: 2.41.0 (/opt/ros/humble/share/ros2_control/cmake)
[9.462s] -- Found ros2_control_test_assets: 2.41.0 (/opt/ros/humble/share/ros2_control_test_assets/cmake)
[11.318s] -- Configuring done
[11.676s] -- Generating done
[11.686s] -- Build files have been written to: /home/pi/final_ws/build/my_robot
[11.803s] [35m[1mConsolidate compiler generated dependencies of target my_robot_hardware[0m
[11.894s] [ 50%] [32mBuilding CXX object CMakeFiles/my_robot_hardware.dir/hardware/src/my_robot_hardware.cpp.o[0m
[22.425s] In file included from [01m[K/opt/ros/humble/include/class_loader/class_loader/class_loader.hpp:56[m[K,
[22.425s]                  from [01m[K/opt/ros/humble/include/pluginlib/pluginlib/class_list_macros.hpp:40[m[K,
[22.426s]                  from [01m[K/home/pi/final_ws/src/my_robot/hardware/src/my_robot_hardware.cpp:127[m[K:
[22.426s] [01m[K/home/pi/final_ws/src/my_robot/hardware/src/my_robot_hardware.cpp:129:24:[m[K [01;31m[Kerror: [m[Kâ€˜[01m[Kmy_robot[m[Kâ€™ does not name a type
[22.426s]   129 | PLUGINLIB_EXPORT_CLASS([01;31m[Kmy_robot[m[K::MyRobotHardware, hardware_interface::SystemInterface)
[22.427s]       |                        [01;31m[K^~~~~~~~[m[K
[22.457s] [01m[K/home/pi/final_ws/src/my_robot/hardware/src/my_robot_hardware.cpp:[m[K In constructor â€˜[01m[K{anonymous}::ProxyExec0::ProxyExec0()[m[Kâ€™:
[22.458s] [01m[K/home/pi/final_ws/src/my_robot/hardware/src/my_robot_hardware.cpp:129:1:[m[K [01;31m[Kerror: [m[Kâ€˜[01m[K_derived[m[Kâ€™ was not declared in this scope
[22.459s]   129 | [01;31m[KPLUGINLIB_EXPORT_CLASS[m[K(my_robot::MyRobotHardware, hardware_interface::SystemInterface)
[22.459s]       | [01;31m[K^~~~~~~~~~~~~~~~~~~~~~[m[K
[22.459s] [01m[K/home/pi/final_ws/src/my_robot/hardware/src/my_robot_hardware.cpp:129:1:[m[K [01;31m[Kerror: [m[Kno matching function for call to â€˜[01m[KregisterPlugin<<expression error>, {anonymous}::ProxyExec0::_base>(const char [26], const char [36])[m[Kâ€™
[22.460s]   129 | [01;31m[KPLUGINLIB_EXPORT_CLASS[m[K(my_robot::MyRobotHardware, hardware_interface::SystemInterface)
[22.460s]       | [01;31m[K^~~~~~~~~~~~~~~~~~~~~~[m[K
[22.460s] In file included from [01m[K/opt/ros/humble/include/class_loader/class_loader/class_loader.hpp:55[m[K,
[22.461s]                  from [01m[K/opt/ros/humble/include/pluginlib/pluginlib/class_list_macros.hpp:40[m[K,
[22.461s]                  from [01m[K/home/pi/final_ws/src/my_robot/hardware/src/my_robot_hardware.cpp:127[m[K:
[22.461s] [01m[K/opt/ros/humble/include/class_loader/class_loader/class_loader_core.hpp:210:6:[m[K [01;36m[Knote: [m[Kcandidate: â€˜[01m[Ktemplate<class Derived, class Base> void class_loader::impl::registerPlugin(const string&, const string&)[m[Kâ€™
[22.462s]   210 | void [01;36m[KregisterPlugin[m[K(const std::string & class_name, const std::string & base_class_name)
[22.462s]       |      [01;36m[K^~~~~~~~~~~~~~[m[K
[22.463s] [01m[K/opt/ros/humble/include/class_loader/class_loader/class_loader_core.hpp:210:6:[m[K [01;36m[Knote: [m[K  template argument deduction/substitution failed:
[22.463s] In file included from [01m[K/opt/ros/humble/include/class_loader/class_loader/class_loader.hpp:56[m[K,
[22.463s]                  from [01m[K/opt/ros/humble/include/pluginlib/pluginlib/class_list_macros.hpp:40[m[K,
[22.464s]                  from [01m[K/home/pi/final_ws/src/my_robot/hardware/src/my_robot_hardware.cpp:127[m[K:
[22.464s] [01m[K/home/pi/final_ws/src/my_robot/hardware/src/my_robot_hardware.cpp:129:1:[m[K [01;31m[Kerror: [m[Ktemplate argument 1 is invalid
[22.465s]   129 | [01;31m[KPLUGINLIB_EXPORT_CLASS[m[K(my_robot::MyRobotHardware, hardware_interface::SystemInterface)
[22.465s]       | [01;31m[K^~~~~~~~~~~~~~~~~~~~~~[m[K
[24.275s] gmake[2]: *** [CMakeFiles/my_robot_hardware.dir/build.make:76: CMakeFiles/my_robot_hardware.dir/hardware/src/my_robot_hardware.cpp.o] Error 1
[24.275s] gmake[1]: *** [CMakeFiles/Makefile2:137: CMakeFiles/my_robot_hardware.dir/all] Error 2
[24.276s] gmake: *** [Makefile:146: all] Error 2
[24.283s] Invoked command in '/home/pi/final_ws/build/my_robot' returned '2': CMAKE_PREFIX_PATH=${CMAKE_PREFIX_PATH}:/opt/ros/humble /usr/bin/cmake --build /home/pi/final_ws/build/my_robot -- -j4 -l4
